Case #1:
c+b=16359
e+b=8306
g+f=62326
b+c=16359
f+c=80856
f+c=80856
f+g=62326
f+g=62326
c+b=16359
Case #2:
f+f=153155153155
b+e=88658136372
c+b=12831988658
c+b=12831988658
b+e=88658136372
b+c=88658128319
c+g=128319146849
d+c=-48139128319
g+c=146849128319
e+c=136372128319
Case #3:
e+g=136372146849
b+g=88658146849
f+f=153155153155
g+b=14684988658
b+b=8865888658
c+e=128319136372
c+e=128319136372
e+f=136372153155
f+d=153155-48139
d+f=-48139153155
Case #4:
d+g=-48139146849
c+f=128319153155
c+f=128319153155
e+g=136372146849
g+d=146849-48139
g+g=146849146849
f+f=153155153155
d+g=-48139146849
b+f=88658153155
f+e=153155136372
Case #5:
f+e=153155136372
c+e=128319136372
g+b=14684988658
d+e=-48139136372
d+b=-4813988658
b+d=88658-48139
f+d=153155-48139
e+g=136372146849
d+e=-48139136372
b+d=88658-48139
Case #6:
g+e=146849136372
c+g=128319146849
f+b=15315588658
d+g=-48139146849
e+g=136372146849
c+e=128319136372
g+e=146849136372
c+e=128319136372
b+b=8865888658
g+e=146849136372
Case #7:
e+c=136372128319
d+d=-48139-48139
g+b=14684988658
g+f=146849153155
b+e=88658136372
b+c=88658128319
g+e=146849136372
c+f=128319153155
c+f=128319153155
g+g=146849146849
Case #8:
g+g=146849146849
e+b=13637288658
d+b=-4813988658
g+f=146849153155
e+g=136372146849
d+g=-48139146849
g+g=146849146849
e+c=136372128319
e+c=136372128319
b+c=88658128319
Case #9:
e+e=136372136372
c+f=128319153155
d+f=-48139153155
c+d=128319-48139
b+g=88658146849
c+c=128319128319
f+g=153155146849
g+f=146849153155
d+c=-48139128319
e+g=136372146849
Case #10:
g+c=146849128319
d+b=-4813988658
d+f=-48139153155
g+d=146849-48139
b+b=8865888658
f+g=153155146849
b+c=88658128319
c+b=12831988658
b+e=88658136372
f+f=153155153155
